This is pdfTeX, Version 3.14159265-2.6-1.40.20 (MiKTeX 2.9.7140 64-bit) (preloaded format=pdflatex 2019.9.8)  15 SEP 2019 19:39
entering extended mode
**D:/jstrainings/latex/trainings.tex
(D:/jstrainings/latex/trainings.tex
LaTeX2e <2018-12-01>

("C:\Users\Grzegorz\AppData\Local\Programs\MiKTeX 2.9\tex/latex/base\article.cl
s"
Document Class: article 2018/09/03 v1.4i Standard LaTeX document class
("C:\Users\Grzegorz\AppData\Local\Programs\MiKTeX 2.9\tex/latex/base\size10.clo
"
File: size10.clo 2018/09/03 v1.4i Standard LaTeX file (size option)
)
\c@part=\count80
\c@section=\count81
\c@subsection=\count82
\c@subsubsection=\count83
\c@paragraph=\count84
\c@subparagraph=\count85
\c@figure=\count86
\c@table=\count87
\abovecaptionskip=\skip41
\belowcaptionskip=\skip42
\bibindent=\dimen102
)
("C:\Users\Grzegorz\AppData\Local\Programs\MiKTeX 2.9\tex/latex/changepage\chan
gepage.sty"
Package: changepage 2009/10/20 v1.0c check page and change page layout
\c@cp@cntr=\count88
\cp@tempcnt=\count89
)
("C:\Users\Grzegorz\AppData\Local\Programs\MiKTeX 2.9\tex/latex/base\fontenc.st
y"
Package: fontenc 2018/08/11 v2.0j Standard LaTeX package

("C:\Users\Grzegorz\AppData\Local\Programs\MiKTeX 2.9\tex/latex/base\t1enc.def"
File: t1enc.def 2018/08/11 v2.0j Standard LaTeX file
LaTeX Font Info:    Redeclaring font encoding T1 on input line 48.
))
("C:\Users\Grzegorz\AppData\Local\Programs\MiKTeX 2.9\tex/latex/sectsty\sectsty
.sty"
Package: sectsty 2002/02/25 v2.0.2 Commands to change all sectional heading sty
les
)
("C:\Users\Grzegorz\AppData\Local\Programs\MiKTeX 2.9\tex/latex/fancyhdr\fancyh
dr.sty"
Package: fancyhdr 2019/01/31 v3.10 Extensive control of page headers and footer
s
\f@nch@headwidth=\skip43
\f@nch@O@elh=\skip44
\f@nch@O@erh=\skip45
\f@nch@O@olh=\skip46
\f@nch@O@orh=\skip47
\f@nch@O@elf=\skip48
\f@nch@O@erf=\skip49
\f@nch@O@olf=\skip50
\f@nch@O@orf=\skip51
)
("C:\Users\Grzegorz\AppData\Local\Programs\MiKTeX 2.9\tex/latex/roboto\roboto.s
ty"
Package: roboto 2019/04/19 (Bob Tennent) Supports Roboto fonts for all LaTeX en
gines.

("C:\Users\Grzegorz\AppData\Local\Programs\MiKTeX 2.9\tex/generic/ifxetex\ifxet
ex.sty"
Package: ifxetex 2010/09/12 v0.6 Provides ifxetex conditional
)
("C:\Users\Grzegorz\AppData\Local\Programs\MiKTeX 2.9\tex/generic/oberdiek\iflu
atex.sty"
Package: ifluatex 2016/05/16 v1.4 Provides the ifluatex switch (HO)
Package ifluatex Info: LuaTeX not detected.
)
("C:\Users\Grzegorz\AppData\Local\Programs\MiKTeX 2.9\tex/latex/xkeyval\xkeyval
.sty"
Package: xkeyval 2014/12/03 v2.7a package option processing (HA)

("C:\Users\Grzegorz\AppData\Local\Programs\MiKTeX 2.9\tex/generic/xkeyval\xkeyv
al.tex"
("C:\Users\Grzegorz\AppData\Local\Programs\MiKTeX 2.9\tex/generic/xkeyval\xkvut
ils.tex"
\XKV@toks=\toks14
\XKV@tempa@toks=\toks15

("C:\Users\Grzegorz\AppData\Local\Programs\MiKTeX 2.9\tex/generic/xkeyval\keyva
l.tex"))
\XKV@depth=\count90
File: xkeyval.tex 2014/12/03 v2.7a key=value parser (HA)
))
("C:\Users\Grzegorz\AppData\Local\Programs\MiKTeX 2.9\tex/latex/base\textcomp.s
ty"
Package: textcomp 2018/08/11 v2.0j Standard LaTeX package
Package textcomp Info: Sub-encoding information:
(textcomp)               5 = only ISO-Adobe without \textcurrency
(textcomp)               4 = 5 + \texteuro
(textcomp)               3 = 4 + \textohm
(textcomp)               2 = 3 + \textestimated + \textcurrency
(textcomp)               1 = TS1 - \textcircled - \t
(textcomp)               0 = TS1 (full)
(textcomp)             Font families with sub-encoding setting implement
(textcomp)             only a restricted character set as indicated.
(textcomp)             Family '?' is the default used for unknown fonts.
(textcomp)             See the documentation for details.
Package textcomp Info: Setting ? sub-encoding to TS1/1 on input line 79.

("C:\Users\Grzegorz\AppData\Local\Programs\MiKTeX 2.9\tex/latex/base\ts1enc.def
"
File: ts1enc.def 2001/06/05 v3.0e (jk/car/fm) Standard LaTeX file
Now handling font encoding TS1 ...
... processing UTF-8 mapping file for font encoding TS1

("C:\Users\Grzegorz\AppData\Local\Programs\MiKTeX 2.9\tex/latex/base\ts1enc.dfu
"
File: ts1enc.dfu 2018/10/05 v1.2f UTF-8 support for inputenc
   defining Unicode char U+00A2 (decimal 162)
   defining Unicode char U+00A3 (decimal 163)
   defining Unicode char U+00A4 (decimal 164)
   defining Unicode char U+00A5 (decimal 165)
   defining Unicode char U+00A6 (decimal 166)
   defining Unicode char U+00A7 (decimal 167)
   defining Unicode char U+00A8 (decimal 168)
   defining Unicode char U+00A9 (decimal 169)
   defining Unicode char U+00AA (decimal 170)
   defining Unicode char U+00AC (decimal 172)
   defining Unicode char U+00AE (decimal 174)
   defining Unicode char U+00AF (decimal 175)
   defining Unicode char U+00B0 (decimal 176)
   defining Unicode char U+00B1 (decimal 177)
   defining Unicode char U+00B2 (decimal 178)
   defining Unicode char U+00B3 (decimal 179)
   defining Unicode char U+00B4 (decimal 180)
   defining Unicode char U+00B5 (decimal 181)
   defining Unicode char U+00B6 (decimal 182)
   defining Unicode char U+00B7 (decimal 183)
   defining Unicode char U+00B9 (decimal 185)
   defining Unicode char U+00BA (decimal 186)
   defining Unicode char U+00BC (decimal 188)
   defining Unicode char U+00BD (decimal 189)
   defining Unicode char U+00BE (decimal 190)
   defining Unicode char U+00D7 (decimal 215)
   defining Unicode char U+00F7 (decimal 247)
   defining Unicode char U+0192 (decimal 402)
   defining Unicode char U+02C7 (decimal 711)
   defining Unicode char U+02D8 (decimal 728)
   defining Unicode char U+02DD (decimal 733)
   defining Unicode char U+0E3F (decimal 3647)
   defining Unicode char U+2016 (decimal 8214)
   defining Unicode char U+2020 (decimal 8224)
   defining Unicode char U+2021 (decimal 8225)
   defining Unicode char U+2022 (decimal 8226)
   defining Unicode char U+2030 (decimal 8240)
   defining Unicode char U+2031 (decimal 8241)
   defining Unicode char U+203B (decimal 8251)
   defining Unicode char U+203D (decimal 8253)
   defining Unicode char U+2044 (decimal 8260)
   defining Unicode char U+204E (decimal 8270)
   defining Unicode char U+2052 (decimal 8274)
   defining Unicode char U+20A1 (decimal 8353)
   defining Unicode char U+20A4 (decimal 8356)
   defining Unicode char U+20A6 (decimal 8358)
   defining Unicode char U+20A9 (decimal 8361)
   defining Unicode char U+20AB (decimal 8363)
   defining Unicode char U+20AC (decimal 8364)
   defining Unicode char U+20B1 (decimal 8369)
   defining Unicode char U+2103 (decimal 8451)
   defining Unicode char U+2116 (decimal 8470)
   defining Unicode char U+2117 (decimal 8471)
   defining Unicode char U+211E (decimal 8478)
   defining Unicode char U+2120 (decimal 8480)
   defining Unicode char U+2122 (decimal 8482)
   defining Unicode char U+2126 (decimal 8486)
   defining Unicode char U+2127 (decimal 8487)
   defining Unicode char U+212E (decimal 8494)
   defining Unicode char U+2190 (decimal 8592)
   defining Unicode char U+2191 (decimal 8593)
   defining Unicode char U+2192 (decimal 8594)
   defining Unicode char U+2193 (decimal 8595)
   defining Unicode char U+2329 (decimal 9001)
   defining Unicode char U+232A (decimal 9002)
   defining Unicode char U+2422 (decimal 9250)
   defining Unicode char U+25E6 (decimal 9702)
   defining Unicode char U+25EF (decimal 9711)
   defining Unicode char U+266A (decimal 9834)
   defining Unicode char U+FEFF (decimal 65279)
))
LaTeX Info: Redefining \oldstylenums on input line 334.
Package textcomp Info: Setting cmr sub-encoding to TS1/0 on input line 349.
Package textcomp Info: Setting cmss sub-encoding to TS1/0 on input line 350.
Package textcomp Info: Setting cmtt sub-encoding to TS1/0 on input line 351.
Package textcomp Info: Setting cmvtt sub-encoding to TS1/0 on input line 352.
Package textcomp Info: Setting cmbr sub-encoding to TS1/0 on input line 353.
Package textcomp Info: Setting cmtl sub-encoding to TS1/0 on input line 354.
Package textcomp Info: Setting ccr sub-encoding to TS1/0 on input line 355.
Package textcomp Info: Setting ptm sub-encoding to TS1/4 on input line 356.
Package textcomp Info: Setting pcr sub-encoding to TS1/4 on input line 357.
Package textcomp Info: Setting phv sub-encoding to TS1/4 on input line 358.
Package textcomp Info: Setting ppl sub-encoding to TS1/3 on input line 359.
Package textcomp Info: Setting pag sub-encoding to TS1/4 on input line 360.
Package textcomp Info: Setting pbk sub-encoding to TS1/4 on input line 361.
Package textcomp Info: Setting pnc sub-encoding to TS1/4 on input line 362.
Package textcomp Info: Setting pzc sub-encoding to TS1/4 on input line 363.
Package textcomp Info: Setting bch sub-encoding to TS1/4 on input line 364.
Package textcomp Info: Setting put sub-encoding to TS1/5 on input line 365.
Package textcomp Info: Setting uag sub-encoding to TS1/5 on input line 366.
Package textcomp Info: Setting ugq sub-encoding to TS1/5 on input line 367.
Package textcomp Info: Setting ul8 sub-encoding to TS1/4 on input line 368.
Package textcomp Info: Setting ul9 sub-encoding to TS1/4 on input line 369.
Package textcomp Info: Setting augie sub-encoding to TS1/5 on input line 370.
Package textcomp Info: Setting dayrom sub-encoding to TS1/3 on input line 371.
Package textcomp Info: Setting dayroms sub-encoding to TS1/3 on input line 372.

Package textcomp Info: Setting pxr sub-encoding to TS1/0 on input line 373.
Package textcomp Info: Setting pxss sub-encoding to TS1/0 on input line 374.
Package textcomp Info: Setting pxtt sub-encoding to TS1/0 on input line 375.
Package textcomp Info: Setting txr sub-encoding to TS1/0 on input line 376.
Package textcomp Info: Setting txss sub-encoding to TS1/0 on input line 377.
Package textcomp Info: Setting txtt sub-encoding to TS1/0 on input line 378.
Package textcomp Info: Setting lmr sub-encoding to TS1/0 on input line 379.
Package textcomp Info: Setting lmdh sub-encoding to TS1/0 on input line 380.
Package textcomp Info: Setting lmss sub-encoding to TS1/0 on input line 381.
Package textcomp Info: Setting lmssq sub-encoding to TS1/0 on input line 382.
Package textcomp Info: Setting lmvtt sub-encoding to TS1/0 on input line 383.
Package textcomp Info: Setting lmtt sub-encoding to TS1/0 on input line 384.
Package textcomp Info: Setting qhv sub-encoding to TS1/0 on input line 385.
Package textcomp Info: Setting qag sub-encoding to TS1/0 on input line 386.
Package textcomp Info: Setting qbk sub-encoding to TS1/0 on input line 387.
Package textcomp Info: Setting qcr sub-encoding to TS1/0 on input line 388.
Package textcomp Info: Setting qcs sub-encoding to TS1/0 on input line 389.
Package textcomp Info: Setting qpl sub-encoding to TS1/0 on input line 390.
Package textcomp Info: Setting qtm sub-encoding to TS1/0 on input line 391.
Package textcomp Info: Setting qzc sub-encoding to TS1/0 on input line 392.
Package textcomp Info: Setting qhvc sub-encoding to TS1/0 on input line 393.
Package textcomp Info: Setting futs sub-encoding to TS1/4 on input line 394.
Package textcomp Info: Setting futx sub-encoding to TS1/4 on input line 395.
Package textcomp Info: Setting futj sub-encoding to TS1/4 on input line 396.
Package textcomp Info: Setting hlh sub-encoding to TS1/3 on input line 397.
Package textcomp Info: Setting hls sub-encoding to TS1/3 on input line 398.
Package textcomp Info: Setting hlst sub-encoding to TS1/3 on input line 399.
Package textcomp Info: Setting hlct sub-encoding to TS1/5 on input line 400.
Package textcomp Info: Setting hlx sub-encoding to TS1/5 on input line 401.
Package textcomp Info: Setting hlce sub-encoding to TS1/5 on input line 402.
Package textcomp Info: Setting hlcn sub-encoding to TS1/5 on input line 403.
Package textcomp Info: Setting hlcw sub-encoding to TS1/5 on input line 404.
Package textcomp Info: Setting hlcf sub-encoding to TS1/5 on input line 405.
Package textcomp Info: Setting pplx sub-encoding to TS1/3 on input line 406.
Package textcomp Info: Setting pplj sub-encoding to TS1/3 on input line 407.
Package textcomp Info: Setting ptmx sub-encoding to TS1/4 on input line 408.
Package textcomp Info: Setting ptmj sub-encoding to TS1/4 on input line 409.
)
("C:\Users\Grzegorz\AppData\Local\Programs\MiKTeX 2.9\tex/latex/base\fontenc.st
y"
Package: fontenc 2018/08/11 v2.0j Standard LaTeX package
)
("C:\Users\Grzegorz\AppData\Local\Programs\MiKTeX 2.9\tex/latex/fontaxes\fontax
es.sty"
Package: fontaxes 2014/03/23 v1.0d Font selection axes
LaTeX Info: Redefining \upshape on input line 29.
LaTeX Info: Redefining \itshape on input line 31.
LaTeX Info: Redefining \slshape on input line 33.
LaTeX Info: Redefining \scshape on input line 37.
)
("C:\Users\Grzegorz\AppData\Local\Programs\MiKTeX 2.9\tex/latex/mweights\mweigh
ts.sty"
Package: mweights 2017/03/30 (Bob Tennent) Support package for multiple-weight 
font packages. 
LaTeX Info: Redefining \bfseries on input line 22.
LaTeX Info: Redefining \mdseries on input line 30.
LaTeX Info: Redefining \rmfamily on input line 38.
LaTeX Info: Redefining \sffamily on input line 66.
LaTeX Info: Redefining \ttfamily on input line 94.
))
("C:\Users\Grzegorz\AppData\Local\Programs\MiKTeX 2.9\tex/latex/hyperref\hyperr
ef.sty"
Package: hyperref 2019/06/12 v6.88h Hypertext links for LaTeX

("C:\Users\Grzegorz\AppData\Local\Programs\MiKTeX 2.9\tex/generic/oberdiek\hobs
ub-hyperref.sty"
Package: hobsub-hyperref 2016/05/16 v1.14 Bundle oberdiek, subset hyperref (HO)


("C:\Users\Grzegorz\AppData\Local\Programs\MiKTeX 2.9\tex/generic/oberdiek\hobs
ub-generic.sty"
Package: hobsub-generic 2016/05/16 v1.14 Bundle oberdiek, subset generic (HO)
Package: hobsub 2016/05/16 v1.14 Construct package bundles (HO)
Package: infwarerr 2016/05/16 v1.4 Providing info/warning/error messages (HO)
Package: ltxcmds 2016/05/16 v1.23 LaTeX kernel commands for general use (HO)
Package hobsub Info: Skipping package `ifluatex' (already loaded).
Package: ifvtex 2016/05/16 v1.6 Detect VTeX and its facilities (HO)
Package ifvtex Info: VTeX not detected.
Package: intcalc 2016/05/16 v1.2 Expandable calculations with integers (HO)
Package: ifpdf 2018/09/07 v3.3 Provides the ifpdf switch
Package: etexcmds 2016/05/16 v1.6 Avoid name clashes with e-TeX commands (HO)
Package: kvsetkeys 2016/05/16 v1.17 Key value parser (HO)
Package: kvdefinekeys 2016/05/16 v1.4 Define keys (HO)
Package: pdftexcmds 2019/07/25 v0.30 Utility functions of pdfTeX for LuaTeX (HO
)
Package pdftexcmds Info: LuaTeX not detected.
Package pdftexcmds Info: \pdf@primitive is available.
Package pdftexcmds Info: \pdf@ifprimitive is available.
Package pdftexcmds Info: \pdfdraftmode found.
Package: pdfescape 2016/05/16 v1.14 Implements pdfTeX's escape features (HO)
Package: bigintcalc 2016/05/16 v1.4 Expandable calculations on big integers (HO
)
Package: bitset 2016/05/16 v1.2 Handle bit-vector datatype (HO)
Package: uniquecounter 2016/05/16 v1.3 Provide unlimited unique counter (HO)
)
Package hobsub Info: Skipping package `hobsub' (already loaded).
Package: letltxmacro 2016/05/16 v1.5 Let assignment for LaTeX macros (HO)
Package: hopatch 2016/05/16 v1.3 Wrapper for package hooks (HO)
Package: xcolor-patch 2016/05/16 xcolor patch
Package: atveryend 2016/05/16 v1.9 Hooks at the very end of document (HO)
Package atveryend Info: \enddocument detected (standard20110627).
Package: atbegshi 2016/06/09 v1.18 At begin shipout hook (HO)
Package: refcount 2016/05/16 v3.5 Data extraction from label references (HO)
Package: hycolor 2016/05/16 v1.8 Color options for hyperref/bookmark (HO)
)
("C:\Users\Grzegorz\AppData\Local\Programs\MiKTeX 2.9\tex/latex/oberdiek\auxhoo
k.sty"
Package: auxhook 2016/05/16 v1.4 Hooks for auxiliary files (HO)
)
("C:\Users\Grzegorz\AppData\Local\Programs\MiKTeX 2.9\tex/latex/oberdiek\kvopti
ons.sty"
Package: kvoptions 2016/05/16 v3.12 Key value format for package options (HO)
)
\@linkdim=\dimen103
\Hy@linkcounter=\count91
\Hy@pagecounter=\count92

("C:\Users\Grzegorz\AppData\Local\Programs\MiKTeX 2.9\tex/latex/hyperref\pd1enc
.def"
File: pd1enc.def 2019/06/12 v6.88h Hyperref: PDFDocEncoding definition (HO)
Now handling font encoding PD1 ...
... no UTF-8 mapping file for font encoding PD1
)
\Hy@SavedSpaceFactor=\count93

("C:\Users\Grzegorz\AppData\Local\Programs\MiKTeX 2.9\tex/latex/00miktex\hyperr
ef.cfg"
File: hyperref.cfg 2002/06/06 v1.2 hyperref configuration of TeXLive
)
Package hyperref Info: Hyper figures OFF on input line 4550.
Package hyperref Info: Link nesting OFF on input line 4555.
Package hyperref Info: Hyper index ON on input line 4558.
Package hyperref Info: Plain pages OFF on input line 4565.
Package hyperref Info: Backreferencing OFF on input line 4570.
Package hyperref Info: Implicit mode ON; LaTeX internals redefined.
Package hyperref Info: Bookmarks ON on input line 4803.
\c@Hy@tempcnt=\count94

("C:\Users\Grzegorz\AppData\Local\Programs\MiKTeX 2.9\tex/latex/url\url.sty"
\Urlmuskip=\muskip10
Package: url 2013/09/16  ver 3.4  Verb mode for urls, etc.
)
LaTeX Info: Redefining \url on input line 5156.
\XeTeXLinkMargin=\dimen104
\Fld@menulength=\count95
\Field@Width=\dimen105
\Fld@charsize=\dimen106
Package hyperref Info: Hyper figures OFF on input line 6411.
Package hyperref Info: Link nesting OFF on input line 6416.
Package hyperref Info: Hyper index ON on input line 6419.
Package hyperref Info: backreferencing OFF on input line 6426.
Package hyperref Info: Link coloring OFF on input line 6431.
Package hyperref Info: Link coloring with OCG OFF on input line 6436.
Package hyperref Info: PDF/A mode OFF on input line 6441.
LaTeX Info: Redefining \ref on input line 6481.
LaTeX Info: Redefining \pageref on input line 6485.
\Hy@abspage=\count96
\c@Item=\count97
\c@Hfootnote=\count98
)
Package hyperref Info: Driver (autodetected): hpdftex.

("C:\Users\Grzegorz\AppData\Local\Programs\MiKTeX 2.9\tex/latex/hyperref\hpdfte
x.def"
File: hpdftex.def 2019/06/12 v6.88h Hyperref driver for pdfTeX
\Fld@listcount=\count99
\c@bookmark@seq@number=\count100

("C:\Users\Grzegorz\AppData\Local\Programs\MiKTeX 2.9\tex/latex/oberdiek\rerunf
ilecheck.sty"
Package: rerunfilecheck 2016/05/16 v1.8 Rerun checks for auxiliary files (HO)
Package uniquecounter Info: New unique counter `rerunfilecheck' on input line 2
82.
)
\Hy@SectionHShift=\skip52
)
("C:\Users\Grzegorz\AppData\Local\Programs\MiKTeX 2.9\tex/latex/base\inputenc.s
ty"
Package: inputenc 2018/08/11 v1.3c Input encoding file
\inpenc@prehook=\toks16
\inpenc@posthook=\toks17
)
("C:\Users\Grzegorz\AppData\Local\Programs\MiKTeX 2.9\tex/latex/lipsum\lipsum.s
ty"
("C:\Users\Grzegorz\AppData\Local\Programs\MiKTeX 2.9\tex/latex/l3kernel\expl3.
sty"
Package: expl3 2019-08-25 L3 programming layer (loader) 

("C:\Users\Grzegorz\AppData\Local\Programs\MiKTeX 2.9\tex/latex/l3kernel\expl3-
code.tex"
Package: expl3 2019-08-25 L3 programming layer (code)
\c_max_int=\count101
\l_tmpa_int=\count102
\l_tmpb_int=\count103
\g_tmpa_int=\count104
\g_tmpb_int=\count105
\g__kernel_prg_map_int=\count106
\c__ior_term_noprompt_ior=\count107
\c_log_iow=\count108
\l_iow_line_count_int=\count109
\l__iow_line_target_int=\count110
\l__iow_one_indent_int=\count111
\l__iow_indent_int=\count112
\c_zero_dim=\dimen107
\c_max_dim=\dimen108
\l_tmpa_dim=\dimen109
\l_tmpb_dim=\dimen110
\g_tmpa_dim=\dimen111
\g_tmpb_dim=\dimen112
\c_zero_skip=\skip53
\c_max_skip=\skip54
\l_tmpa_skip=\skip55
\l_tmpb_skip=\skip56
\g_tmpa_skip=\skip57
\g_tmpb_skip=\skip58
\c_zero_muskip=\muskip11
\c_max_muskip=\muskip12
\l_tmpa_muskip=\muskip13
\l_tmpb_muskip=\muskip14
\g_tmpa_muskip=\muskip15
\g_tmpb_muskip=\muskip16
\l_keys_choice_int=\count113
\l__intarray_loop_int=\count114
\c__intarray_sp_dim=\dimen113
\g__intarray_font_int=\count115
\c__fp_leading_shift_int=\count116
\c__fp_middle_shift_int=\count117
\c__fp_trailing_shift_int=\count118
\c__fp_big_leading_shift_int=\count119
\c__fp_big_middle_shift_int=\count120
\c__fp_big_trailing_shift_int=\count121
\c__fp_Bigg_leading_shift_int=\count122
\c__fp_Bigg_middle_shift_int=\count123
\c__fp_Bigg_trailing_shift_int=\count124
\c__kernel_randint_max_int=\count125
\g__fp_array_int=\count126
\l__fp_array_loop_int=\count127
\l__sort_length_int=\count128
\l__sort_min_int=\count129
\l__sort_top_int=\count130
\l__sort_max_int=\count131
\l__sort_true_max_int=\count132
\l__sort_block_int=\count133
\l__sort_begin_int=\count134
\l__sort_end_int=\count135
\l__sort_A_int=\count136
\l__sort_B_int=\count137
\l__sort_C_int=\count138
\l__str_internal_int=\count139
\c__str_replacement_char_int=\count140
\l__tl_analysis_normal_int=\count141
\l__tl_analysis_index_int=\count142
\l__tl_analysis_nesting_int=\count143
\l__tl_analysis_type_int=\count144
\l__regex_internal_a_int=\count145
\l__regex_internal_b_int=\count146
\l__regex_internal_c_int=\count147
\l__regex_balance_int=\count148
\l__regex_group_level_int=\count149
\l__regex_mode_int=\count150
\c__regex_cs_in_class_mode_int=\count151
\c__regex_cs_mode_int=\count152
\l__regex_catcodes_int=\count153
\l__regex_default_catcodes_int=\count154
\c__regex_catcode_D_int=\count155
\c__regex_catcode_S_int=\count156
\c__regex_catcode_L_int=\count157
\c__regex_catcode_O_int=\count158
\c__regex_catcode_A_int=\count159
\c__regex_all_catcodes_int=\count160
\l__regex_show_lines_int=\count161
\l__regex_min_state_int=\count162
\l__regex_max_state_int=\count163
\l__regex_left_state_int=\count164
\l__regex_right_state_int=\count165
\l__regex_capturing_group_int=\count166
\l__regex_min_pos_int=\count167
\l__regex_max_pos_int=\count168
\l__regex_curr_pos_int=\count169
\l__regex_start_pos_int=\count170
\l__regex_success_pos_int=\count171
\l__regex_curr_char_int=\count172
\l__regex_curr_catcode_int=\count173
\l__regex_last_char_int=\count174
\l__regex_case_changed_char_int=\count175
\l__regex_curr_state_int=\count176
\l__regex_step_int=\count177
\l__regex_min_active_int=\count178
\l__regex_max_active_int=\count179
\l__regex_replacement_csnames_int=\count180
\l__regex_match_count_int=\count181
\l__regex_min_submatch_int=\count182
\l__regex_submatch_int=\count183
\l__regex_zeroth_submatch_int=\count184
\g__regex_trace_regex_int=\count185
\c_empty_box=\box27
\l_tmpa_box=\box28
\l_tmpb_box=\box29
\g_tmpa_box=\box30
\g_tmpb_box=\box31
\l__box_top_dim=\dimen114
\l__box_bottom_dim=\dimen115
\l__box_left_dim=\dimen116
\l__box_right_dim=\dimen117
\l__box_top_new_dim=\dimen118
\l__box_bottom_new_dim=\dimen119
\l__box_left_new_dim=\dimen120
\l__box_right_new_dim=\dimen121
\l__box_internal_box=\box32
\l__coffin_internal_box=\box33
\l__coffin_internal_dim=\dimen122
\l__coffin_offset_x_dim=\dimen123
\l__coffin_offset_y_dim=\dimen124
\l__coffin_x_dim=\dimen125
\l__coffin_y_dim=\dimen126
\l__coffin_x_prime_dim=\dimen127
\l__coffin_y_prime_dim=\dimen128
\c_empty_coffin=\box34
\l__coffin_aligned_coffin=\box35
\l__coffin_aligned_internal_coffin=\box36
\l_tmpa_coffin=\box37
\l_tmpb_coffin=\box38
\g_tmpa_coffin=\box39
\g_tmpb_coffin=\box40
\l__coffin_bounding_shift_dim=\dimen129
\l__coffin_left_corner_dim=\dimen130
\l__coffin_right_corner_dim=\dimen131
\l__coffin_bottom_corner_dim=\dimen132
\l__coffin_top_corner_dim=\dimen133
\l__coffin_scaled_total_height_dim=\dimen134
\l__coffin_scaled_width_dim=\dimen135
\c__coffin_empty_coffin=\box41
\l__coffin_display_coffin=\box42
\l__coffin_display_coord_coffin=\box43
\l__coffin_display_pole_coffin=\box44
\l__coffin_display_offset_dim=\dimen136
\l__coffin_display_x_dim=\dimen137
\l__coffin_display_y_dim=\dimen138
\g__file_internal_ior=\read1
\l__seq_internal_a_int=\count186
\l__seq_internal_b_int=\count187
)
("C:\Users\Grzegorz\AppData\Local\Programs\MiKTeX 2.9\tex/latex/l3backend\l3bac
kend-pdfmode.def"
File: l3backend-pdfmode.def 2019-04-06 v L3 Experimental backend support: PDF m
ode
\l__kernel_color_stack_int=\count188
\l__pdf_internal_box=\box45
))
("C:\Users\Grzegorz\AppData\Local\Programs\MiKTeX 2.9\tex/latex/l3packages/xpar
se\xparse.sty"
Package: xparse 2019-05-28 L3 Experimental document command parser
\l__xparse_current_arg_int=\count189
\g__xparse_grabber_int=\count190
\l__xparse_m_args_int=\count191
\l__xparse_v_nesting_int=\count192
)
Package: lipsum 2019/01/02 v2.2 150 paragraphs of Lorem Ipsum dummy text

("C:\Users\Grzegorz\AppData\Local\Programs\MiKTeX 2.9\tex/latex/lipsum\lipsum.l
td.tex"
File: lipsum.ltd.tex 2019/01/02 v2.2 The Lorem ipsum dummy text
))
("C:\Users\Grzegorz\AppData\Local\Programs\MiKTeX 2.9\tex/latex/koma-script\toc
style.sty"
Package: tocstyle 2017/02/23 v0.2i-alpha KOMA-Script package (versatile toc sty
les)


Package tocstyle Warning: THIS IS AN ALPHA VERSION!
(tocstyle)                USAGE OF THIS VERSION IS ON YOUR OWN RISK!
(tocstyle)                EVERYTHING MAY HAPPEN!
(tocstyle)                EVERYTHING MAY CHANGE IN FUTURE!
(tocstyle)                THERE IS NO SUPPORT, IF YOU USE THIS PACKAGE!
(tocstyle)                Maybe it would be better, not to load this package.

\tocstyle@indentstyle=\count193
Package tocstyle Info: no tocstyle.cfg found on input line 942.
)
exclude: 
exclude: 
exclude: 
exclude: 
exclude: 
exclude: 
exclude: 
exclude: 
exclude: 
exclude: 

("C:\Users\Grzegorz\AppData\Local\Programs\MiKTeX 2.9\tex/latex/ragged2e\ragged
2e.sty"
Package: ragged2e 2019/07/28 v2.2 ragged2e Package (MS)

("C:\Users\Grzegorz\AppData\Local\Programs\MiKTeX 2.9\tex/latex/ms\everysel.sty
"
Package: everysel 2011/10/28 v1.2 EverySelectfont Package (MS)
)
("C:\Users\Grzegorz\AppData\Local\Programs\MiKTeX 2.9\tex/latex/footmisc\footmi
sc.sty"
Package: footmisc 2011/06/06 v5.5b a miscellany of footnote facilities
\FN@temptoken=\toks18
\footnotemargin=\dimen139
\c@pp@next@reset=\count194
Package footmisc Info: Declaring symbol style bringhurst on input line 855.
Package footmisc Info: Declaring symbol style chicago on input line 863.
Package footmisc Info: Declaring symbol style wiley on input line 872.
Package footmisc Info: Declaring symbol style lamport-robust on input line 883.

Package footmisc Info: Declaring symbol style lamport* on input line 903.
Package footmisc Info: Declaring symbol style lamport*-robust on input line 924
.
)
\CenteringLeftskip=\skip59
\RaggedLeftLeftskip=\skip60
\RaggedRightLeftskip=\skip61
\CenteringRightskip=\skip62
\RaggedLeftRightskip=\skip63
\RaggedRightRightskip=\skip64
\CenteringParfillskip=\skip65
\RaggedLeftParfillskip=\skip66
\RaggedRightParfillskip=\skip67
\JustifyingParfillskip=\skip68
\CenteringParindent=\skip69
\RaggedLeftParindent=\skip70
\RaggedRightParindent=\skip71
\JustifyingParindent=\skip72
)
("C:\Users\Grzegorz\AppData\Local\Programs\MiKTeX 2.9\tex/latex/blindtext\blind
text.sty"
Package: blindtext 2012/01/06 V2.0 blindtext-Package

("C:\Users\Grzegorz\AppData\Local\Programs\MiKTeX 2.9\tex/latex/tools\xspace.st
y"
Package: xspace 2014/10/28 v1.13 Space after command names (DPC,MH)
)
\c@blindtext=\count195
\c@Blindtext=\count196
\c@blind@countparstart=\count197
\blind@countxx=\count198
\blindtext@numBlindtext=\count199
\blind@countyy=\count266
\c@blindlist=\count267
\c@blindlistlevel=\count268
\c@blindlist@level=\count269
\blind@listitem=\count270
\c@blind@listcount=\count271
\c@blind@levelcount=\count272
\blind@mathformula=\count273
\blind@Mathformula=\count274
\c@blind@randomcount=\count275
\c@blind@randommax=\count276
\c@blind@pangramcount=\count277
\c@blind@pangrammax=\count278
)
Package hyperref Info: Option `colorlinks' set `true' on input line 30.
 (D:\jstrainings\trainings\trainings.aux)
\openout1 = `trainings.aux'.

LaTeX Font Info:    Checking defaults for OML/cmm/m/it on input line 48.
LaTeX Font Info:    ... okay on input line 48.
LaTeX Font Info:    Checking defaults for T1/cmr/m/n on input line 48.
LaTeX Font Info:    ... okay on input line 48.
LaTeX Font Info:    Checking defaults for OT1/cmr/m/n on input line 48.
LaTeX Font Info:    ... okay on input line 48.
LaTeX Font Info:    Checking defaults for OMS/cmsy/m/n on input line 48.
LaTeX Font Info:    ... okay on input line 48.
LaTeX Font Info:    Checking defaults for OMX/cmex/m/n on input line 48.
LaTeX Font Info:    ... okay on input line 48.
LaTeX Font Info:    Checking defaults for U/cmr/m/n on input line 48.
LaTeX Font Info:    ... okay on input line 48.
LaTeX Font Info:    Checking defaults for TS1/cmr/m/n on input line 48.
LaTeX Font Info:    Try loading font information for TS1+cmr on input line 48.

("C:\Users\Grzegorz\AppData\Local\Programs\MiKTeX 2.9\tex/latex/base\ts1cmr.fd"
File: ts1cmr.fd 2014/09/29 v2.5h Standard LaTeX font definitions
)
LaTeX Font Info:    ... okay on input line 48.
LaTeX Font Info:    Checking defaults for PD1/pdf/m/n on input line 48.
LaTeX Font Info:    ... okay on input line 48.
LaTeX Font Info:    Try loading font information for T1+Roboto-LF on input line
 48.

("C:\Users\Grzegorz\AppData\Local\Programs\MiKTeX 2.9\tex/latex/roboto\t1roboto
-lf.fd"
File: T1Roboto-LF.fd 2019/04/19 (autoinst) Font definitions for T1/Roboto-LF.
)
LaTeX Font Info:    Font shape `T1/Roboto-LF/regular/n' will be
(Font)              scaled to size 10.0pt on input line 48.
\c@mv@tabular=\count279
\c@mv@boldtabular=\count280
\AtBeginShipoutBox=\box46

("C:\Users\Grzegorz\AppData\Local\Programs\MiKTeX 2.9\tex/latex/graphics\color.
sty"
Package: color 2016/07/10 v1.1e Standard LaTeX Color (DPC)

("C:\Users\Grzegorz\AppData\Local\Programs\MiKTeX 2.9\tex/latex/graphics-cfg\co
lor.cfg"
File: color.cfg 2016/01/02 v1.6 sample color configuration
)
Package color Info: Driver file: pdftex.def on input line 147.

("C:\Users\Grzegorz\AppData\Local\Programs\MiKTeX 2.9\tex/latex/graphics-def\pd
ftex.def"
File: pdftex.def 2018/01/08 v1.0l Graphics/color driver for pdftex

("C:\Users\Grzegorz\AppData\Local\Programs\MiKTeX 2.9\tex/context/base/mkii\sup
p-pdf.mkii"
[Loading MPS to PDF converter (version 2006.09.02).]
\scratchcounter=\count281
\scratchdimen=\dimen140
\scratchbox=\box47
\nofMPsegments=\count282
\nofMParguments=\count283
\everyMPshowfont=\toks19
\MPscratchCnt=\count284
\MPscratchDim=\dimen141
\MPnumerator=\count285
\makeMPintoPDFobject=\count286
\everyMPtoPDFconversion=\toks20
)))
Package hyperref Info: Link coloring ON on input line 48.

("C:\Users\Grzegorz\AppData\Local\Programs\MiKTeX 2.9\tex/latex/hyperref\namere
f.sty"
Package: nameref 2016/05/21 v2.44 Cross-referencing by name of section

("C:\Users\Grzegorz\AppData\Local\Programs\MiKTeX 2.9\tex/generic/oberdiek\gett
itlestring.sty"
Package: gettitlestring 2016/05/16 v1.5 Cleanup title references (HO)
)
\c@section@level=\count287
)
LaTeX Info: Redefining \ref on input line 48.
LaTeX Info: Redefining \pageref on input line 48.
LaTeX Info: Redefining \nameref on input line 48.
 (D:\jstrainings\trainings\trainings.out)
(D:\jstrainings\trainings\trainings.out)
\@outlinefile=\write3
\openout3 = `trainings.out'.

LaTeX Font Info:    Font shape `T1/Roboto-LF/regular/n' will be
(Font)              scaled to size 12.0pt on input line 48.
LaTeX Font Info:    Font shape `T1/Roboto-LF/bold/n' will be
(Font)              scaled to size 12.0pt on input line 48.
Package tocstyle Info: prepare \l@part for redefinition on input line 48.
LaTeX Font Info:    Font shape `T1/Roboto-LF/bold/n' will be
(Font)              scaled to size 10.0pt on input line 48.
Package tocstyle Info: prepare \l@section for redefinition on input line 48.
Package tocstyle Info: prepare \l@subsection for redefinition on input line 48.

LaTeX Font Info:    External font `cmex10' loaded for size
(Font)              <7> on input line 48.
LaTeX Font Info:    External font `cmex10' loaded for size
(Font)              <5> on input line 48.
Package tocstyle Info: prepare \l@subsubsection for redefinition on input line 
48.
Package tocstyle Info: prepare \l@table for redefinition on input line 48.
Package tocstyle Info: prepare \l@figure for redefinition on input line 48.


Package tocstyle Warning: unexpected \@dottedtocline definition!
(tocstyle)                You are either using an unknown LaTeX kernel
(tocstyle)                version, an unknown class or package, that redefines
(tocstyle)                \@dottedtocline, or a \@dottedtocline redefinition
(tocstyle)                at the document preamble.
(tocstyle)                Because of this you may get unexpected results!
(tocstyle)                Maybe it would be better not to use package tocstyle.


Package tocstyle Info: Unexpected definition is:
(tocstyle)             macro:#1#2#3#4#5->\ifnum #1>\c@tocdepth \else \vskip \z@
 \@plus .2\p@ {\leftskip #2\relax \rightskip \@tocrmarg \parfillskip -\rightski
p \parindent #2\relax \@afterindenttrue \interlinepenalty \@M \leavevmode \@tem
pdima #3\relax \advance \leftskip \@tempdima \null \nobreak \hskip -\leftskip {
#4}\nobreak \leaders \hbox {$\m@th \mkern \@dotsep mu\hbox {.}\mkern \@dotsep m
u$}\hfill \nobreak \hb@xt@ \@pnumwidth {\hfil \normalfont \normalcolor #5\kern 
-\p@ \kern \p@ }\par }\fi  on input line 48.
Package ragged2e Info: ABD: executing \RaggedRight on input line 48.
ABD: EverySelectfont initializing macros
LaTeX Info: Redefining \selectfont on input line 48.
LaTeX Font Info:    Font shape `T1/Roboto-LF/bold/n' will be
(Font)              scaled to size 14.4pt on input line 51.

(D:\jstrainings\trainings\trainings.toc
number indent by \l@... (toc, 1):  0.0pt
text indent by \l@... (toc, 1):  15.0pt
number indent by parent (toc, 1):  0.0pt
text indent calculated (toc, 1): 15.0pt
number indent calculated (toc, 1): 0.0pt
text noindent (toc, 1): 15.0pt
number noindent (toc, 1): 0.0pt
number indent by \l@... (toc, 1):  0.0pt
text indent by \l@... (toc, 1):  15.0pt
number indent by parent (toc, 1):  0.0pt
text indent calculated (toc, 1): 15.0pt
number indent calculated (toc, 1): 0.0pt
text noindent (toc, 1): 15.0pt
number noindent (toc, 1): 0.0pt
number indent by \l@... (toc, 1):  0.0pt
text indent by \l@... (toc, 1):  15.0pt
number indent by parent (toc, 1):  0.0pt
text indent calculated (toc, 1): 15.0pt
number indent calculated (toc, 1): 0.0pt
text noindent (toc, 1): 15.0pt
number noindent (toc, 1): 0.0pt
number indent by \l@... (toc, 1):  0.0pt
text indent by \l@... (toc, 1):  15.0pt
number indent by parent (toc, 1):  0.0pt
text indent calculated (toc, 1): 15.0pt
number indent calculated (toc, 1): 0.0pt
text noindent (toc, 1): 15.0pt
number noindent (toc, 1): 0.0pt
number indent by \l@... (toc, 1):  0.0pt
text indent by \l@... (toc, 1):  15.0pt
number indent by parent (toc, 1):  0.0pt
text indent calculated (toc, 1): 15.0pt
number indent calculated (toc, 1): 0.0pt
text noindent (toc, 1): 15.0pt
number noindent (toc, 1): 0.0pt
number indent by \l@... (toc, 1):  0.0pt
text indent by \l@... (toc, 1):  15.0pt
number indent by parent (toc, 1):  0.0pt
text indent calculated (toc, 1): 15.0pt
number indent calculated (toc, 1): 0.0pt
text noindent (toc, 1): 15.0pt
number noindent (toc, 1): 0.0pt
number indent by \l@... (toc, 1):  0.0pt
text indent by \l@... (toc, 1):  15.0pt
number indent by parent (toc, 1):  0.0pt
text indent calculated (toc, 1): 15.0pt
number indent calculated (toc, 1): 0.0pt
text noindent (toc, 1): 15.0pt
number noindent (toc, 1): 0.0pt
number indent by \l@... (toc, 1):  0.0pt
text indent by \l@... (toc, 1):  15.0pt
number indent by parent (toc, 1):  0.0pt
text indent calculated (toc, 1): 15.0pt
number indent calculated (toc, 1): 0.0pt
text noindent (toc, 1): 15.0pt
number noindent (toc, 1): 0.0pt
number indent by \l@... (toc, 1):  0.0pt
text indent by \l@... (toc, 1):  15.0pt
number indent by parent (toc, 1):  0.0pt
text indent calculated (toc, 1): 15.0pt
number indent calculated (toc, 1): 0.0pt
text noindent (toc, 1): 15.0pt
number noindent (toc, 1): 0.0pt
number indent by \l@... (toc, 1):  0.0pt
text indent by \l@... (toc, 1):  15.0pt
number indent by parent (toc, 1):  0.0pt
text indent calculated (toc, 1): 15.0pt
number indent calculated (toc, 1): 0.0pt
text noindent (toc, 1): 15.0pt
number noindent (toc, 1): 0.0pt
number indent by \l@... (toc, 1):  0.0pt
text indent by \l@... (toc, 1):  15.0pt
number indent by parent (toc, 1):  0.0pt
text indent calculated (toc, 1): 15.0pt
number indent calculated (toc, 1): 0.0pt
text noindent (toc, 1): 15.0pt
number noindent (toc, 1): 0.0pt
number indent by \l@... (toc, 1):  0.0pt
text indent by \l@... (toc, 1):  15.0pt
number indent by parent (toc, 1):  0.0pt
text indent calculated (toc, 1): 15.0pt
number indent calculated (toc, 1): 0.0pt
text noindent (toc, 1): 15.0pt
number noindent (toc, 1): 0.0pt
number indent by \l@... (toc, 1):  0.0pt
text indent by \l@... (toc, 1):  15.0pt
number indent by parent (toc, 1):  0.0pt
text indent calculated (toc, 1): 15.0pt
number indent calculated (toc, 1): 0.0pt
text noindent (toc, 1): 15.0pt
number noindent (toc, 1): 0.0pt
number indent by \l@... (toc, 1):  0.0pt
text indent by \l@... (toc, 1):  15.0pt
number indent by parent (toc, 1):  0.0pt
text indent calculated (toc, 1): 15.0pt
number indent calculated (toc, 1): 0.0pt
text noindent (toc, 1): 15.0pt
number noindent (toc, 1): 0.0pt
number indent by \l@... (toc, 1):  0.0pt
text indent by \l@... (toc, 1):  15.0pt
number indent by parent (toc, 1):  0.0pt
text indent calculated (toc, 1): 15.0pt
number indent calculated (toc, 1): 0.0pt
text noindent (toc, 1): 15.0pt
number noindent (toc, 1): 0.0pt
number indent by \l@... (toc, 1):  0.0pt
text indent by \l@... (toc, 1):  15.0pt
number indent by parent (toc, 1):  0.0pt
text indent calculated (toc, 1): 15.0pt
number indent calculated (toc, 1): 0.0pt
text noindent (toc, 1): 15.0pt
number noindent (toc, 1): 0.0pt
number indent by \l@... (toc, 1):  0.0pt
text indent by \l@... (toc, 1):  15.0pt
number indent by parent (toc, 1):  0.0pt
text indent calculated (toc, 1): 15.0pt
number indent calculated (toc, 1): 0.0pt
text noindent (toc, 1): 15.0pt
number noindent (toc, 1): 0.0pt
number indent by \l@... (toc, 1):  0.0pt
text indent by \l@... (toc, 1):  15.0pt
number indent by parent (toc, 1):  0.0pt
text indent calculated (toc, 1): 15.0pt
number indent calculated (toc, 1): 0.0pt
text noindent (toc, 1): 15.0pt
number noindent (toc, 1): 0.0pt
number indent by \l@... (toc, 1):  0.0pt
text indent by \l@... (toc, 1):  15.0pt
number indent by parent (toc, 1):  0.0pt
text indent calculated (toc, 1): 15.0pt
number indent calculated (toc, 1): 0.0pt
text noindent (toc, 1): 15.0pt
number noindent (toc, 1): 0.0pt
number indent by \l@... (toc, 1):  0.0pt
text indent by \l@... (toc, 1):  15.0pt
number indent by parent (toc, 1):  0.0pt
text indent calculated (toc, 1): 15.0pt
number indent calculated (toc, 1): 0.0pt
text noindent (toc, 1): 15.0pt
number noindent (toc, 1): 0.0pt
number indent by \l@... (toc, 1):  0.0pt
text indent by \l@... (toc, 1):  15.0pt
number indent by parent (toc, 1):  0.0pt
text indent calculated (toc, 1): 15.0pt
number indent calculated (toc, 1): 0.0pt
text noindent (toc, 1): 15.0pt
number noindent (toc, 1): 0.0pt
number indent by \l@... (toc, 1):  0.0pt
text indent by \l@... (toc, 1):  15.0pt
number indent by parent (toc, 1):  0.0pt
text indent calculated (toc, 1): 15.0pt
number indent calculated (toc, 1): 0.0pt
text noindent (toc, 1): 15.0pt
number noindent (toc, 1): 0.0pt
number indent by \l@... (toc, 1):  0.0pt
text indent by \l@... (toc, 1):  15.0pt
number indent by parent (toc, 1):  0.0pt
text indent calculated (toc, 1): 15.0pt
number indent calculated (toc, 1): 0.0pt
text noindent (toc, 1): 15.0pt
number noindent (toc, 1): 0.0pt
[1

{C:/Users/Grzegorz/AppData/Local/MiKTeX/2.9/pdftex/config/pdftex.map}]
number indent by \l@... (toc, 1):  0.0pt
text indent by \l@... (toc, 1):  15.0pt
number indent by parent (toc, 1):  0.0pt
text indent calculated (toc, 1): 15.0pt
number indent calculated (toc, 1): 0.0pt
text noindent (toc, 1): 15.0pt
number noindent (toc, 1): 0.0pt
number indent by \l@... (toc, 1):  0.0pt
text indent by \l@... (toc, 1):  15.0pt
number indent by parent (toc, 1):  0.0pt
text indent calculated (toc, 1): 15.0pt
number indent calculated (toc, 1): 0.0pt
text noindent (toc, 1): 15.0pt
number noindent (toc, 1): 0.0pt
number indent by \l@... (toc, 1):  0.0pt
text indent by \l@... (toc, 1):  15.0pt
number indent by parent (toc, 1):  0.0pt
text indent calculated (toc, 1): 15.0pt
number indent calculated (toc, 1): 0.0pt
text noindent (toc, 1): 15.0pt
number noindent (toc, 1): 0.0pt
number indent by \l@... (toc, 1):  0.0pt
text indent by \l@... (toc, 1):  15.0pt
number indent by parent (toc, 1):  0.0pt
text indent calculated (toc, 1): 15.0pt
number indent calculated (toc, 1): 0.0pt
text noindent (toc, 1): 15.0pt
number noindent (toc, 1): 0.0pt
)
\tf@toc=\write4
\openout4 = `trainings.toc'.

 [2]
LaTeX Font Info:    Font shape `T1/Roboto-LF/regular/n' will be
(Font)              scaled to size 14.4pt on input line 58.


LaTeX Font Warning: Font shape `T1/Roboto-LF/t/n' undefined
(Font)              using `T1/Roboto-LF/m/n' instead on input line 58.

LaTeX Font Info:    Font shape `T1/Roboto-LF/m/n' in size <24> not available
(Font)              Font shape `T1/Roboto-LF/regular/n' tried instead on input 
line 58.
LaTeX Font Info:    Font shape `T1/Roboto-LF/regular/n' will be
(Font)              scaled to size 24.0pt on input line 58.
LaTeX Font Info:    Font shape `T1/Roboto-LF/l/n' in size <14> not available
(Font)              Font shape `T1/Roboto-LF/light/n' tried instead on input li
ne 60.
LaTeX Font Info:    Font shape `T1/Roboto-LF/light/n' will be
(Font)              scaled to size 14.0pt on input line 60.

Overfull \hbox (12.02194pt too wide) in paragraph at lines 64--65
\T1/Roboto-LF/regular/n/10 jak dzi-aª¡j¡ obec-nie na-jpop-u-larniejsze bib-li-t
oeki/frameworki na rynku
 []


Overfull \hbox (1.72699pt too wide) in paragraph at lines 64--65
\T1/Roboto-LF/regular/n/10 podobie«st-wach i ró»ni-cach tak aby uczest-nicy mog
li pode-j-mowa¢
 []


Overfull \hbox (23.18497pt too wide) in paragraph at lines 70--71
[]\T1/Roboto-LF/regular/n/10 Szkolenie adresowane jest do pro-gramistów zna-j¡-
cych j¦zyk JavaScript 
 []

LaTeX Font Info:    Try loading font information for TS1+Roboto-LF on input lin
e 80.

("C:\Users\Grzegorz\AppData\Local\Programs\MiKTeX 2.9\tex/latex/roboto\ts1robot
o-lf.fd"
File: TS1Roboto-LF.fd 2019/04/19 (autoinst) Font definitions for TS1/Roboto-LF.

)
LaTeX Font Info:    Font shape `TS1/Roboto-LF/regular/n' will be
(Font)              scaled to size 10.0pt on input line 80.

Overfull \hbox (5.39705pt too wide) in paragraph at lines 96--97
[]\T1/Roboto-LF/regular/n/10 Po uko«c-zonym kur-sie uczest-nicy b¦d¡ znali za-a
wan-sowane mech-
 []

pdfTeX warning (ext4): destination with the same identifier (name{page.1}) has 
been already used, duplicate ignored
<to be read again> 
                   \relax 
l.102 \newpage
               [1

]
LaTeX Font Info:    Font shape `T1/Roboto-LF/t/n' in size <24> not available
(Font)              Font shape `T1/Roboto-LF/regular/n' tried instead on input 
line 106.
LaTeX Font Info:    Font shape `T1/Roboto-LF/regular/n' will be
(Font)              scaled to size 24.0pt on input line 106.

Overfull \hbox (13.88614pt too wide) in paragraph at lines 106--106
[][]\T1/Roboto-LF/regular/n/24 JavaScript: kurs pod-sta-wowy (dla 
 []


Overfull \hbox (7.17pt too wide) in paragraph at lines 111--114
\T1/Roboto-LF/regular/n/10 wspóªczes-nych wzor-ców pro-jek-towych ta-kich jak M
VC, MVVM, Flux.
 []


Overfull \hbox (12.11006pt too wide) in paragraph at lines 111--114
\T1/Roboto-LF/regular/n/10 Dz-i¦ki przekazanej wiedzy uczest-nicy b¦d¡ rozu-mie
¢ dzi-aªanie j¦zyka
 []

pdfTeX warning (ext4): destination with the same identifier (name{page.2}) has 
been already used, duplicate ignored
<to be read again> 
                   \relax 
l.158 K
       omunikacja z Document Object Model (DOM) [2]
Overfull \hbox (15.87pt too wide) in paragraph at lines 176--177
[]\T1/Roboto-LF/regular/n/10 Po za-ko«c-zonym szkole-niu uczest-nicy b¦d¡ zna¢ 
pod-stawy tworzenia
 []

[3]
Overfull \hbox (23.97205pt too wide) in paragraph at lines 190--191
[]\T1/Roboto-LF/regular/n/10 Celem szkole-nia jest przekazanie in-for-ma-cji na
 temat za-awan-sowanych
 []


Overfull \hbox (6.057pt too wide) in paragraph at lines 190--191
\T1/Roboto-LF/regular/n/10 »ad-nego frame-worka, poz-naj¡ sposób dzi-aªa-nia no
woczes-nych fea-
 []


Overfull \hbox (13.89891pt too wide) in paragraph at lines 190--191
\T1/Roboto-LF/regular/n/10 chron-iczno±ci, funkcyjnego pode-j±-cia i sil-ników 
przegl¡-darek. Nabyta
 []


Overfull \hbox (4.74599pt too wide) in paragraph at lines 196--197
[]\T1/Roboto-LF/regular/n/10 Szkolenie adresowane jest do pro-gramistów, którzy
 znaj¡ pod-stawy
 []

[4]
Overfull \hbox (4.88402pt too wide) in paragraph at lines 240--241
\T1/Roboto-LF/regular/n/10 fea-tury j¦zyka oraz rozu-mie¢ nowoczesne wzorce ar-
chitek-ton-iczne. 
 []

[5]
Overfull \hbox (23.81192pt too wide) in paragraph at lines 254--255
\T1/Roboto-LF/regular/n/10 jako±¢ kodu do-da-j¡c do niego typy, równie» w posta
ci skom-p-likowanych
 []


Overfull \hbox (4.74599pt too wide) in paragraph at lines 261--262
[]\T1/Roboto-LF/regular/n/10 Szkolenie adresowane jest do pro-gramistów, którzy
 znaj¡ pod-stawy
 []

[6] [7]
Overfull \hbox (2.69702pt too wide) in paragraph at lines 319--320
\T1/Roboto-LF/regular/n/10 naj¡ mech-a-nizmy frame-worka co poz-woli im na samo
dzieln¡ prac¦
 []


Overfull \hbox (1.111pt too wide) in paragraph at lines 319--320
\T1/Roboto-LF/regular/n/10 w tym ±rodowisku. Do-datkowo poz-naj¡ struk-tury ar-
chitek-ton-iczne,
 []


Overfull \hbox (25.81696pt too wide) in paragraph at lines 326--327
[]\T1/Roboto-LF/regular/n/10 Szkolenie adresowane jest do pro-gramistów zna-j¡-
cych j¦zyk JavaScript. 
 []

[8] [9]
Overfull \hbox (23.97205pt too wide) in paragraph at lines 382--384
[]\T1/Roboto-LF/regular/n/10 Celem szkole-nia jest przekazanie in-for-ma-cji na
 temat za-awan-sowanych
 []


Overfull \hbox (6.79808pt too wide) in paragraph at lines 382--384
\T1/Roboto-LF/regular/n/10 mech-a-nizmów dzi-aªa-nia frame-worka An-gu-lar. Ucz
est-nicy dowiedz¡
 []


Overfull \hbox (9.89099pt too wide) in paragraph at lines 382--384
\T1/Roboto-LF/regular/n/10 kom-po-nenty, kom-po-nenty reak-ty-wne, za-g-nie»d»o
ny rout-ing, dostan¡
 []


Overfull \hbox (4.91296pt too wide) in paragraph at lines 382--384
\T1/Roboto-LF/regular/n/10 leak'ów oraz dowiedz¡ si¦ w jaki sposób mog¡ u»y¢ An
-gu-lara razem
 []


Overfull \hbox (11.21204pt too wide) in paragraph at lines 382--384
\T1/Roboto-LF/regular/n/10 Flux czy Model-View-Intent. Uczest-nicy poz-naj¡ tak
»e w szczegóªach
 []

[10]
Overfull \hbox (5.39705pt too wide) in paragraph at lines 427--428
[]\T1/Roboto-LF/regular/n/10 Po uko«c-zonym kur-sie uczest-nicy b¦d¡ znali za-a
wan-sowane mech-
 []

[11]
Overfull \hbox (28.11336pt too wide) in paragraph at lines 437--437
[][]\T1/Roboto-LF/regular/n/24 Angular: kom-pedium wiedzy (Type- 
 []


Overfull \hbox (2.69702pt too wide) in paragraph at lines 443--444
\T1/Roboto-LF/regular/n/10 naj¡ mech-a-nizmy frame-worka co poz-woli im na samo
dzieln¡ prac¦
 []


Overfull \hbox (1.111pt too wide) in paragraph at lines 443--444
\T1/Roboto-LF/regular/n/10 w tym ±rodowisku. Do-datkowo poz-naj¡ struk-tury ar-
chitek-ton-iczne,
 []


Overfull \hbox (25.14795pt too wide) in paragraph at lines 450--451
[]\T1/Roboto-LF/regular/n/10 Szkolenie adresowane jest do pro-gramistów zna-j¡-
cych j¦zyk JavaScript,
 []

[12]
Overfull \hbox (5.39705pt too wide) in paragraph at lines 512--513
[]\T1/Roboto-LF/regular/n/10 Po uko«c-zonym kur-sie uczest-nicy b¦d¡ znali za-a
wan-sowane mech-
 []

[13]
Overfull \hbox (1.42902pt too wide) in paragraph at lines 528--530
[]\T1/Roboto-LF/regular/n/10 Celem szkole-nia jest naucze-nie od pod-staw bib-l
ioteki Re-act.js oraz
 []


Overfull \hbox (4.53496pt too wide) in paragraph at lines 528--530
\T1/Roboto-LF/regular/n/10 likacji in-ter-ne-towych. Uczest-nicy dowiedz¡ si¦ w
 jaki sposób dzieli¢
 []


Overfull \hbox (1.483pt too wide) in paragraph at lines 528--530
\T1/Roboto-LF/regular/n/10 Model-View-Controller. Po uko«c-zonym szkole-niu ucz
est-nicy b¦d¡
 []


Overfull \hbox (25.14795pt too wide) in paragraph at lines 535--536
[]\T1/Roboto-LF/regular/n/10 Szkolenie adresowane jest do pro-gramistów zna-j¡-
cych j¦zyk JavaScript,
 []

[14] [15]
Overfull \hbox (19.55267pt too wide) in paragraph at lines 581--581
[][]\T1/Roboto-LF/regular/n/24 Vue.js jako nowoczesne narz¦dzie 
 []


Overfull \hbox (17.60376pt too wide) in paragraph at lines 581--581
\T1/Roboto-LF/regular/n/24 do bu-dowa-nia ap-likacji we-bowych  
 []


Overfull \hbox (1.23122pt too wide) in paragraph at lines 586--587
[]\T1/Roboto-LF/regular/n/10 W cza-sie szkole-nia uczes-nticy zdob¦d¡ sz-ereg i
n-for-ma-cji na temat
 []

[16]
Overfull \hbox (25.64803pt too wide) in paragraph at lines 631--632
[]\T1/Roboto-LF/regular/n/10 Celem szkole-nia jest przekaza¢ wiedz¦ na temat te
ch-nologii zwi¡zanych
 []

[17]
Overfull \hbox (0.15298pt too wide) in paragraph at lines 672--673
[]\T1/Roboto-LF/regular/n/10 Celem szkole-nia jest przekazanie wiedzy os-obom, 
które do tej pory
 []


Overfull \hbox (6.76988pt too wide) in paragraph at lines 672--673
\T1/Roboto-LF/regular/n/10 pro-gramowa-nia z którym maj¡ do czynienia na co dzi
e« (JavaScript)
 []


Overfull \hbox (12.36493pt too wide) in paragraph at lines 672--673
\T1/Roboto-LF/regular/n/10 pracy z bazami danych oraz zarz¡dza-nia kole-jkami a
syn-chron-icznych
 []


Overfull \hbox (10.549pt too wide) in paragraph at lines 680--681
[]\T1/Roboto-LF/regular/n/10 Szkolenie adresowane jest do pro-gramistów ap-lika
cji fron-tendowych
 []


Overfull \hbox (0.48904pt too wide) in paragraph at lines 680--681
\T1/Roboto-LF/regular/n/10 nie ma-j¡-cych do±wiad-czenia w tworze-niu ap-likacj
i back-endowych. 
 []


Overfull \hbox (17.13394pt too wide) in paragraph at lines 710--711
[]\T1/Roboto-LF/regular/n/10 Po sko«c-zonym szkole-niu uczest-nicy b¦da znali z
a-ªo»e-nia ±rodowiska
 []

[18] [19]
Overfull \hbox (10.05309pt too wide) in paragraph at lines 725--726
[]\T1/Roboto-LF/regular/n/10 Celem szkole-nia jest przekazanie in-for-ma-cji na
 temat mech-a-nizmów
 []


Overfull \hbox (7.76897pt too wide) in paragraph at lines 725--726
\T1/Roboto-LF/regular/n/10 j¦zyka JavaScript pozwala-j¡-cych na tworze-nie skal
owal-nego i wyda-
 []


Overfull \hbox (4.74599pt too wide) in paragraph at lines 731--732
[]\T1/Roboto-LF/regular/n/10 Szkolenie adresowane jest do pro-gramistów, którzy
 znaj¡ pod-stawy
 []

[20]
Overfull \hbox (14.76503pt too wide) in paragraph at lines 774--775
\T1/Roboto-LF/regular/n/10 sady dzi-aªa-nia mech-a-nizmów po-ma-ga-j¡-cych w tw
orze-niu pro-gramów
 []

[21]
Overfull \hbox (57.18938pt too wide) in paragraph at lines 781--781
[][]\T1/Roboto-LF/regular/n/24 JavaScript: Pro-gramowanie funkcyjne 
 []


Overfull \hbox (19.48203pt too wide) in paragraph at lines 786--790
\T1/Roboto-LF/regular/n/10 + " funkcje, niemu-towal-no±¢ stanu, skªadanie funkc
ji, funkcje wy»szego
 []


Overfull \hbox (7.01599pt too wide) in paragraph at lines 786--790
\T1/Roboto-LF/regular/n/10 ten sposób jest" + " zde-cy-dowanie bardziej ek-spre
sy-wny, skalowalny
 []

[22] [23]
Overfull \hbox (43.23584pt too wide) in paragraph at lines 841--841
[][]\T1/Roboto-LF/regular/n/24 Architektura ap-likacji fron-tendowych  
 []


Overfull \hbox (2.71303pt too wide) in paragraph at lines 846--847
[]\T1/Roboto-LF/regular/n/10 Celem szkole-nia jest naucze-nie uczest-ników w ja
ki sposób tworzy¢
 []


Overfull \hbox (25.81696pt too wide) in paragraph at lines 852--853
[]\T1/Roboto-LF/regular/n/10 Szkolenie adresowane jest do pro-gramistów zna-j¡-
cych j¦zyk JavaScript. 
 []

[24]
Overfull \hbox (19.37698pt too wide) in paragraph at lines 900--901
[]\T1/Roboto-LF/regular/n/10 Po uko«c-zonym szkole-niu uczest-nicy b¦d¡ znali z
a-gad-nienia zwi¡zane
 []

[25]
Overfull \hbox (8.116pt too wide) in paragraph at lines 915--916
\T1/Roboto-LF/regular/n/10 dar-d-ach Ec-maScript nowszych ni» Ec-maScript 5. Uc
zest-nicy naucz¡
 []


Overfull \hbox (23.18497pt too wide) in paragraph at lines 922--923
[]\T1/Roboto-LF/regular/n/10 Szkolenie adresowane jest do pro-gramistów zna-j¡-
cych j¦zyk JavaScript
 []

[26] [27]
Overfull \hbox (6.27342pt too wide) in paragraph at lines 971--971
[][]\T1/Roboto-LF/regular/n/24 Testy au-tomaty-czne ap-likacji we- 
 []


Overfull \hbox (15.33768pt too wide) in paragraph at lines 1000--1001
[]\T1/Roboto-LF/regular/n/10 u»ywanie wbu-dowanych matcher'ów i asymetrych-nych
 matcher'ów  
 []

[28] [29]
Overfull \hbox (65.39493pt too wide) in paragraph at lines 1043--1043
[][]\T1/Roboto-LF/regular/n/24 Wst¦p do pro-gramowa-nia z JavaScript  
 []


Overfull \hbox (6.25705pt too wide) in paragraph at lines 1048--1049
[]\T1/Roboto-LF/regular/n/10 Celem szkole-nia jest naucze-nie uczest-ników pod-
staw pro-gramowa-
 []


Overfull \hbox (2.92505pt too wide) in paragraph at lines 1048--1049
\T1/Roboto-LF/regular/n/10 pod-stawy pro-gramowa-nia takie jak in-strukcje waru
nk-owe, zmi-enne
 []


Overfull \hbox (8.79193pt too wide) in paragraph at lines 1048--1049
\T1/Roboto-LF/regular/n/10 czy p¦-tle, zrozu-miej¡ na czym pole-gaj¡ ró»ne pode
-j±-cia pro-gramisty-
 []


Overfull \hbox (30.94295pt too wide) in paragraph at lines 1048--1049
\T1/Roboto-LF/regular/n/10 czne i dostan¡ sz-ereg narz¦dzi pozwala-j¡-cych na p
ó¹niejszy samodzielny
 []

[30]
Overfull \hbox (18.02615pt too wide) in paragraph at lines 1086--1086
[][]\T1/Roboto-LF/regular/n/24 Wykorzystywanie kodu Java, Rust, 
 []


Overfull \hbox (13.11821pt too wide) in paragraph at lines 1086--1086
\T1/Roboto-LF/regular/n/24 C++ w przegl¡-darce - wprowadze- 
 []


Overfull \hbox (1.23122pt too wide) in paragraph at lines 1091--1092
[]\T1/Roboto-LF/regular/n/10 W cza-sie szkole-nia uczes-nticy zdob¦d¡ sz-ereg i
n-for-ma-cji na temat
 []


Overfull \hbox (27.733pt too wide) in paragraph at lines 1091--1092
\T1/Roboto-LF/regular/n/10 j¦zyka we-bassem-bly. We-bassem-bly pozwala na u»y-c
ie kodu ¹ródªowego
 []

[31]
Overfull \hbox (16.31729pt too wide) in paragraph at lines 1129--1129
[][]\T1/Roboto-LF/regular/n/24 JavaScript dla pro-gramistów Java  
 []


Overfull \hbox (12.22002pt too wide) in paragraph at lines 1167--1168
[]\T1/Roboto-LF/regular/n/10 Po uko«c-zonym szkole-niu uczest-nicy b¦d¡ si¦ czu
¢ znacznie pewniej
 []

[32]
Overfull \hbox (13.05577pt too wide) in paragraph at lines 1175--1175
\T1/Roboto-LF/regular/n/24 no-log-icznego i za-sady clean code  
 []


Overfull \hbox (10.04506pt too wide) in paragraph at lines 1189--1190
[]\T1/Roboto-LF/regular/n/10 Od uczest-ników szkole-nia wyma-gana jest umiej¦t-
no±¢ pro-gramowa-
 []

[33]
Overfull \hbox (10.86325pt too wide) in paragraph at lines 1231--1232
\T1/Roboto-LF/regular/n/10 jek-tach. Szkole-nie b¦dzie doty-czyªo im-ple-men-ta
cji GraphQL w j¦zyku
 []

[34]
Overfull \hbox (18.1966pt too wide) in paragraph at lines 1274--1274
[][]\T1/Roboto-LF/regular/n/24 REST - od now-icjusza do ge-niusza  
 []


Overfull \hbox (10.47194pt too wide) in paragraph at lines 1279--1280
\T1/Roboto-LF/regular/n/10 dziala ar-chitek-tura REST, jakie s¡ jej za-ªo»e-nia
 i w jaki sposób tworzy¢
 []


Overfull \hbox (10.04506pt too wide) in paragraph at lines 1285--1286
[]\T1/Roboto-LF/regular/n/10 Od uczest-ników szkole-nia wyma-gana jest umiej¦t-
no±¢ pro-gramowa-
 []

[35]
Overfull \hbox (41.99495pt too wide) in paragraph at lines 1316--1316
[][]\T1/Roboto-LF/regular/n/24 regExp - wyra»e-nia reg-u-larne, zosta« 
 []


Overfull \hbox (3.46404pt too wide) in paragraph at lines 1328--1329
[]\T1/Roboto-LF/regular/n/10 Szkolenie adresowane jest do pro-gramistów w dowol
-nych j¦zykach
 []

[36]
Overfull \hbox (16.59998pt too wide) in paragraph at lines 1362--1365
\T1/Roboto-LF/regular/n/10 równie» wyko-rzys-tanie odpowied-nich narz¦dzi do wi
z-ual-iza-cji danych.
 []


Overfull \hbox (9.04016pt too wide) in paragraph at lines 1362--1365
\T1/Roboto-LF/regular/n/10 chodzi o prezen-towanie za-le»no±ci mi¦dzy danymi. W
 cza-sie szkole-
 []


Overfull \hbox (10.04506pt too wide) in paragraph at lines 1372--1373
[]\T1/Roboto-LF/regular/n/10 Od uczest-ników szkole-nia wyma-gana jest umiej¦t-
no±¢ pro-gramowa-
 []

[37] [38]
Overfull \hbox (63.59743pt too wide) in paragraph at lines 1406--1406
[][]\T1/Roboto-LF/regular/n/24 Sieci neu-ronowe i ucze-nie maszynowe 
 []


Overfull \hbox (8.33586pt too wide) in paragraph at lines 1411--1412
\T1/Roboto-LF/regular/n/10 liotek napisanych w JavaScript, aby w prosty sposób 
przeprowadza¢
 []


Overfull \hbox (10.04506pt too wide) in paragraph at lines 1419--1420
[]\T1/Roboto-LF/regular/n/10 Od uczest-ników szkole-nia wyma-gana jest umiej¦t-
no±¢ pro-gramowa-
 []

[39]
Overfull \hbox (23.7743pt too wide) in paragraph at lines 1455--1455
[][]\T1/Roboto-LF/regular/n/24 Prezentowanie tre±ci tech-nicznych  
 []


Overfull \hbox (7.041pt too wide) in paragraph at lines 1493--1494
[]\T1/Roboto-LF/regular/n/10 Uko«czenie szkole-nia po-mo»e uczest-nikom nabra¢ 
pewno±ci siebie
 []

[40]
Overfull \hbox (10.25516pt too wide) in paragraph at lines 1508--1511
\T1/Roboto-LF/regular/n/10 owolona z warunków pracy. W cza-sie szkole-nia uczes
t-nicy dowiedz¡
 []


Overfull \hbox (2.17317pt too wide) in paragraph at lines 1508--1511
\T1/Roboto-LF/regular/n/10 od-chodz¡ z firmy. W cza-sie szkole-nia przekazana z
ostanie równie»
 []


Overfull \hbox (1.97096pt too wide) in paragraph at lines 1515--1516
[]\T1/Roboto-LF/regular/n/10 Szkolenie b¦dzie prowad-zone od ab-so-lut-nych pod
-staw. J¦zyki pro-
 []

[41]
Overfull \hbox (6.66498pt too wide) in paragraph at lines 1545--1546
[]\T1/Roboto-LF/regular/n/10 Uczestnicy po uko«c-zonym szkole-niu b¦d¡ lep-iej 
rozu-mie¢ potrzeby
 []

[42]
Package atveryend Info: Empty hook `BeforeClearDocument' on input line 1551.
Package atveryend Info: Empty hook `AfterLastShipout' on input line 1551.
 (D:\jstrainings\trainings\trainings.aux)
Package atveryend Info: Executing hook `AtVeryEndDocument' on input line 1551.
Package atveryend Info: Executing hook `AtEndAfterFileList' on input line 1551.

Package rerunfilecheck Info: File `trainings.out' has not changed.
(rerunfilecheck)             Checksum: 30F7C7AF3F50D887CC68D4D693761235;2173.


LaTeX Font Warning: Some font shapes were not available, defaults substituted.

Package atveryend Info: Empty hook `AtVeryVeryEnd' on input line 1551.
 ) 
Here is how much of TeX's memory you used:
 17419 strings out of 492895
 318868 string characters out of 3122335
 514942 words of memory out of 3000000
 21019 multiletter control sequences out of 15000+200000
 574200 words of font info for 40 fonts, out of 3000000 for 9000
 1141 hyphenation exceptions out of 8191
 40i,11n,63p,645b,475s stack positions out of 5000i,500n,10000p,200000b,50000s
{C:/Users/Grzegorz/AppData/Local/Programs/MiKTeX 2.9/fonts/enc/dvips/roboto/r
bto_sbly3j.enc}{C:/Users/Grzegorz/AppData/Local/Programs/MiKTeX 2.9/fonts/enc/d
vips/roboto/rbto_hsw3yt.enc}<C:/Users/Grzegorz/AppData/Local/Programs/MiKTeX 2.
9/fonts/type1/google/roboto/Roboto-Bold.pfb><C:/Users/Grzegorz/AppData/Local/Pr
ograms/MiKTeX 2.9/fonts/type1/google/roboto/Roboto-Light.pfb><C:/Users/Grzegorz
/AppData/Local/Programs/MiKTeX 2.9/fonts/type1/google/roboto/Roboto-Regular.pfb
>
Output written on D:\jstrainings\trainings\trainings.pdf (44 pages, 171860 byte
s).
PDF statistics:
 521 PDF objects out of 1000 (max. 8388607)
 205 named destinations out of 1000 (max. 500000)
 217 words of extra memory for PDF output out of 10000 (max. 10000000)

