\BOOKMARK [1][-]{section*.1}{2020 - rok JavaScriptu \(Angular, react, vue\)}{}% 1
\BOOKMARK [1][-]{section*.7}{JavaScript: kurs podstawowy \(dla programist\363w\)}{}% 2
\BOOKMARK [1][-]{section*.13}{JavaScript: kurs zaawansowany}{}% 3
\BOOKMARK [1][-]{section*.19}{TypeScript}{}% 4
\BOOKMARK [1][-]{section*.25}{Angular: kurs podstawowy}{}% 5
\BOOKMARK [1][-]{section*.31}{Angular: kurs zaawansowany}{}% 6
\BOOKMARK [1][-]{section*.37}{Angular: kompedium wiedzy \(TypeScript, RxJS\)}{}% 7
\BOOKMARK [1][-]{section*.43}{React.js}{}% 8
\BOOKMARK [1][-]{section*.49}{Vue.js jako nowoczesne narzedzie do budowania aplikacji webowych}{}% 9
\BOOKMARK [1][-]{section*.55}{WebWorkers i Progressive Web Apps}{}% 10
\BOOKMARK [1][-]{section*.61}{Node.js: kurs podstawowy \(dla programist\363w front-end\)}{}% 11
\BOOKMARK [1][-]{section*.67}{Object-oriented programming w JavaScript}{}% 12
\BOOKMARK [1][-]{section*.73}{JavaScript: Programowanie funkcyjne i reaktywne}{}% 13
\BOOKMARK [1][-]{section*.79}{Architektura aplikacji frontendowych}{}% 14
\BOOKMARK [1][-]{section*.85}{ES6+}{}% 15
\BOOKMARK [1][-]{section*.91}{Testy automatyczne aplikacji webowych dla programist\363w }{}% 16
\BOOKMARK [1][-]{section*.97}{Wstep do programowania z JavaScript}{}% 17
\BOOKMARK [1][-]{section*.103}{Wykorzystywanie kodu Java, Rust, C++ w przegladarce - wprowadzenie do WebAssembly}{}% 18
\BOOKMARK [1][-]{section*.109}{JavaScript dla programist\363w Java}{}% 19
\BOOKMARK [1][-]{section*.115}{Progresywne przepisywanie aplikacji, zmniejszanie d\233ugu technologicznego i zasady clean code}{}% 20
\BOOKMARK [1][-]{section*.121}{GraphQL}{}% 21
\BOOKMARK [1][-]{section*.127}{REST - od nowicjusza do geniusza}{}% 22
\BOOKMARK [1][-]{section*.133}{regExp - wyrazenia regularne, zostan mistrzem!}{}% 23
\BOOKMARK [1][-]{section*.139}{Business Intelligence, wizualizacja big data w aplikacjach internetowych}{}% 24
\BOOKMARK [1][-]{section*.145}{Sieci neuronowe i uczenie maszynowe z tensorflow.js i brain.js}{}% 25
\BOOKMARK [1][-]{section*.151}{Prezentowanie tresci technicznych}{}% 26
\BOOKMARK [1][-]{section*.157}{Komunikacja z developmentem \(dla biznesu\)}{}% 27
